<?xml version="1.0" encoding="UTF-8"?>
<testsuite xmlns:xsi="http://www.w3.org/2001/XMLSchema-instance" xsi:noNamespaceSchemaLocation="https://maven.apache.org/surefire/maven-surefire-plugin/xsd/surefire-test-report-3.0.xsd" version="3.0" name="com.myhealthprices.MyHealthPricesApplicationTests" time="3.022" tests="1" errors="0" skipped="0" failures="0">
  <properties>
[...]
</properties>
  <testcase name="contextLoads" classname="com.myhealthprices.MyHealthPricesApplicationTests" time="0.582">
    <system-out><![CDATA[20:39:04.348 [main] INFO org.springframework.test.context.support.AnnotationConfigContextLoaderUtils -- Could not detect default configuration classes for test class [com.myhealthprices.MyHealthPricesApplicationTests]: MyHealthPricesApplicationTests does not declare any static, non-private, non-final, nested classes annotated with @Configuration.
20:39:04.416 [main] INFO org.springframework.boot.test.context.SpringBootTestContextBootstrapper -- Found @SpringBootConfiguration com.myhealthprices.MyHealthPricesApplication for test class com.myhealthprices.MyHealthPricesApplicationTests

  .   ____          _            __ _ _
 /\\ / ___'_ __ _ _(_)_ __  __ _ \ \ \ \
( ( )\___ | '_ | '_| | '_ \/ _` | \ \ \ \
 \\/  ___)| |_)| | | | | || (_| |  ) ) ) )
  '  |____| .__|_| |_|_| |_\__, | / / / /
 =========|_|==============|___/=/_/_/_/
 :: Spring Boot ::                (v3.2.0)

2025-08-25T20:39:04.702Z  INFO 8814 --- [           main] c.m.MyHealthPricesApplicationTests       : Starting MyHealthPricesApplicationTests using Java 17.0.16 with PID 8814 (started by ubuntu in /home/ubuntu/myhealthprices/backend)
2025-08-25T20:39:04.703Z  INFO 8814 --- [           main] c.m.MyHealthPricesApplicationTests       : No active profile set, falling back to 1 default profile: "default"
2025-08-25T20:39:05.265Z  INFO 8814 --- [           main] .s.d.r.c.RepositoryConfigurationDelegate : Bootstrapping Spring Data Reactive MongoDB repositories in DEFAULT mode.
2025-08-25T20:39:05.367Z  INFO 8814 --- [           main] .s.d.r.c.RepositoryConfigurationDelegate : Finished Spring Data repository scanning in 98 ms. Found 1 Reactive MongoDB repository interface.
2025-08-25T20:39:06.029Z  INFO 8814 --- [           main] org.mongodb.driver.client                : MongoClient with metadata {"driver": {"name": "mongo-java-driver|reactive-streams|spring-boot", "version": "4.11.1"}, "os": {"type": "Linux", "name": "Linux", "architecture": "amd64", "version": "5.10.223"}, "platform": "Java/Ubuntu/17.0.16+8-Ubuntu-0ubuntu122.04.1"} created with settings MongoClientSettings{readPreference=primary, writeConcern=WriteConcern{w=majority, wTimeout=null ms, journal=null}, retryWrites=true, retryReads=true, readConcern=ReadConcern{level=null}, credential=MongoCredential{mechanism=null, userName='samalexander10', source='admin', password=<hidden>, mechanismProperties=<hidden>}, transportSettings=NettyTransportSettings{eventLoopGroup=io.netty.channel.nio.NioEventLoopGroup@69a40b3c, socketChannelClass=null, allocator=null, sslContext=null}, streamFactoryFactory=null, commandListeners=[io.micrometer.core.instrument.binder.mongodb.MongoMetricsCommandListener@251c90f], codecRegistry=ProvidersCodecRegistry{codecProviders=[ValueCodecProvider{}, BsonValueCodecProvider{}, DBRefCodecProvider{}, DBObjectCodecProvider{}, DocumentCodecProvider{}, CollectionCodecProvider{}, IterableCodecProvider{}, MapCodecProvider{}, GeoJsonCodecProvider{}, GridFSFileCodecProvider{}, Jsr310CodecProvider{}, JsonObjectCodecProvider{}, BsonCodecProvider{}, EnumCodecProvider{}, com.mongodb.client.model.mql.ExpressionCodecProvider@6629643d, com.mongodb.Jep395RecordCodecProvider@2dd178f3, com.mongodb.KotlinCodecProvider@64656b9e]}, loggerSettings=LoggerSettings{maxDocumentLength=1000}, clusterSettings={hosts=[127.0.0.1:27017], srvHost=myhealthprices.yoafnzw.mongodb.net, srvServiceName=mongodb, mode=MULTIPLE, requiredClusterType=REPLICA_SET, requiredReplicaSetName='atlas-9wdspc-shard-0', serverSelector='null', clusterListeners='[]', serverSelectionTimeout='30000 ms', localThreshold='15 ms'}, socketSettings=SocketSettings{connectTimeoutMS=10000, readTimeoutMS=0, receiveBufferSize=0, proxySettings=ProxySettings{host=null, port=null, username=null, password=null}}, heartbeatSocketSettings=SocketSettings{connectTimeoutMS=10000, readTimeoutMS=10000, receiveBufferSize=0, proxySettings=ProxySettings{host=null, port=null, username=null, password=null}}, connectionPoolSettings=ConnectionPoolSettings{maxSize=100, minSize=0, maxWaitTimeMS=120000, maxConnectionLifeTimeMS=0, maxConnectionIdleTimeMS=0, maintenanceInitialDelayMS=0, maintenanceFrequencyMS=60000, connectionPoolListeners=[io.micrometer.core.instrument.binder.mongodb.MongoMetricsConnectionPoolListener@6870cfac], maxConnecting=2}, serverSettings=ServerSettings{heartbeatFrequencyMS=10000, minHeartbeatFrequencyMS=500, serverListeners='[]', serverMonitorListeners='[]'}, sslSettings=SslSettings{enabled=true, invalidHostNameAllowed=false, context=null}, applicationName='null', compressorList=[], uuidRepresentation=JAVA_LEGACY, serverApi=null, autoEncryptionSettings=null, dnsClient=null, inetAddressResolver=null, contextProvider=null}
2025-08-25T20:39:06.158Z  INFO 8814 --- [nzw.mongodb.net] org.mongodb.driver.cluster               : Adding discovered server ac-4qxvthy-shard-00-00.yoafnzw.mongodb.net:27017 to client view of cluster
2025-08-25T20:39:06.179Z  INFO 8814 --- [nzw.mongodb.net] org.mongodb.driver.cluster               : Adding discovered server ac-4qxvthy-shard-00-01.yoafnzw.mongodb.net:27017 to client view of cluster
2025-08-25T20:39:06.182Z  INFO 8814 --- [nzw.mongodb.net] org.mongodb.driver.cluster               : Adding discovered server ac-4qxvthy-shard-00-02.yoafnzw.mongodb.net:27017 to client view of cluster
2025-08-25T20:39:06.496Z  INFO 8814 --- [           main] o.s.b.a.e.web.EndpointLinksResolver      : Exposing 2 endpoint(s) beneath base path '/actuator'
2025-08-25T20:39:06.662Z  INFO 8814 --- [           main] c.m.MyHealthPricesApplicationTests       : Started MyHealthPricesApplicationTests in 2.15 seconds (process running for 2.88)
]]></system-out>
  </testcase>
</testsuite>