<?xml version="1.0" encoding="UTF-8"?>
<testsuite xmlns:xsi="http://www.w3.org/2001/XMLSchema-instance" xsi:noNamespaceSchemaLocation="https://maven.apache.org/surefire/maven-surefire-plugin/xsd/surefire-test-report-3.0.xsd" version="3.0" name="com.myhealthprices.controller.DrugControllerTest" time="0.628" tests="4" errors="0" skipped="0" failures="0">
  <properties>
[...]
</properties>
  <testcase name="testSearchDrugs_NotFound" classname="com.myhealthprices.controller.DrugControllerTest" time="0.186">
    <system-out><![CDATA[2025-08-25T20:39:07.261Z  INFO 8814 --- [           main] t.c.s.AnnotationConfigContextLoaderUtils : Could not detect default configuration classes for test class [com.myhealthprices.controller.DrugControllerTest]: DrugControllerTest does not declare any static, non-private, non-final, nested classes annotated with @Configuration.
2025-08-25T20:39:07.261Z  INFO 8814 --- [ngodb.net:27017] org.mongodb.driver.cluster               : Monitor thread successfully connected to server with description ServerDescription{address=ac-4qxvthy-shard-00-00.yoafnzw.mongodb.net:27017, type=REPLICA_SET_SECONDARY, state=CONNECTED, ok=true, minWireVersion=0, maxWireVersion=25, maxDocumentSize=16777216, logicalSessionTimeoutMinutes=30, roundTripTimeNanos=200265365, setName='atlas-9wdspc-shard-0', canonicalAddress=ac-4qxvthy-shard-00-00.yoafnzw.mongodb.net:27017, hosts=[ac-4qxvthy-shard-00-02.yoafnzw.mongodb.net:27017, ac-4qxvthy-shard-00-00.yoafnzw.mongodb.net:27017, ac-4qxvthy-shard-00-01.yoafnzw.mongodb.net:27017], passives=[], arbiters=[], primary='ac-4qxvthy-shard-00-01.yoafnzw.mongodb.net:27017', tagSet=TagSet{[Tag{name='availabilityZone', value='use1-az4'}, Tag{name='diskState', value='READY'}, Tag{name='nodeType', value='ELECTABLE'}, Tag{name='provider', value='AWS'}, Tag{name='region', value='US_EAST_1'}, Tag{name='workloadType', value='OPERATIONAL'}]}, electionId=null, setVersion=121, topologyVersion=TopologyVersion{processId=68acc39dea56a50e0a6fc331, counter=4}, lastWriteDate=Mon Aug 25 20:39:07 UTC 2025, lastUpdateTimeNanos=264177132764}
2025-08-25T20:39:07.280Z  INFO 8814 --- [           main] .b.t.c.SpringBootTestContextBootstrapper : Found @SpringBootConfiguration com.myhealthprices.MyHealthPricesApplication for test class com.myhealthprices.controller.DrugControllerTest
2025-08-25T20:39:07.290Z  INFO 8814 --- [ngodb.net:27017] org.mongodb.driver.cluster               : Monitor thread successfully connected to server with description ServerDescription{address=ac-4qxvthy-shard-00-02.yoafnzw.mongodb.net:27017, type=REPLICA_SET_SECONDARY, state=CONNECTED, ok=true, minWireVersion=0, maxWireVersion=25, maxDocumentSize=16777216, logicalSessionTimeoutMinutes=30, roundTripTimeNanos=197024271, setName='atlas-9wdspc-shard-0', canonicalAddress=ac-4qxvthy-shard-00-02.yoafnzw.mongodb.net:27017, hosts=[ac-4qxvthy-shard-00-02.yoafnzw.mongodb.net:27017, ac-4qxvthy-shard-00-00.yoafnzw.mongodb.net:27017, ac-4qxvthy-shard-00-01.yoafnzw.mongodb.net:27017], passives=[], arbiters=[], primary='ac-4qxvthy-shard-00-01.yoafnzw.mongodb.net:27017', tagSet=TagSet{[Tag{name='availabilityZone', value='use1-az1'}, Tag{name='diskState', value='READY'}, Tag{name='nodeType', value='ELECTABLE'}, Tag{name='provider', value='AWS'}, Tag{name='region', value='US_EAST_1'}, Tag{name='workloadType', value='OPERATIONAL'}]}, electionId=null, setVersion=121, topologyVersion=TopologyVersion{processId=68acc93d4c6a017ed5307961, counter=3}, lastWriteDate=Mon Aug 25 20:39:07 UTC 2025, lastUpdateTimeNanos=264206134637}

  .   ____          _            __ _ _
 /\\ / ___'_ __ _ _(_)_ __  __ _ \ \ \ \
( ( )\___ | '_ | '_| | '_ \/ _` | \ \ \ \
 \\/  ___)| |_)| | | | | || (_| |  ) ) ) )
  '  |____| .__|_| |_|_| |_\__, | / / / /
 =========|_|==============|___/=/_/_/_/
 :: Spring Boot ::                (v3.2.0)

2025-08-25T20:39:07.306Z  INFO 8814 --- [           main] c.m.controller.DrugControllerTest        : Starting DrugControllerTest using Java 17.0.16 with PID 8814 (started by ubuntu in /home/ubuntu/myhealthprices/backend)
2025-08-25T20:39:07.306Z  INFO 8814 --- [           main] c.m.controller.DrugControllerTest        : No active profile set, falling back to 1 default profile: "default"
2025-08-25T20:39:07.636Z  INFO 8814 --- [           main] c.m.controller.DrugControllerTest        : Started DrugControllerTest in 0.353 seconds (process running for 3.854)
]]></system-out>
  </testcase>
  <testcase name="testSearchDrugs_MissingName" classname="com.myhealthprices.controller.DrugControllerTest" time="0.007"/>
  <testcase name="testSearchDrugs_Success" classname="com.myhealthprices.controller.DrugControllerTest" time="0.034"/>
  <testcase name="testHealthCheck" classname="com.myhealthprices.controller.DrugControllerTest" time="0.006"/>
</testsuite>