<?xml version="1.0" encoding="UTF-8"?>
<testsuite xmlns:xsi="http://www.w3.org/2001/XMLSchema-instance" xsi:noNamespaceSchemaLocation="https://maven.apache.org/surefire/maven-surefire-plugin/xsd/surefire-test-report-3.0.xsd" version="3.0" name="com.myhealthprices.ApplicationTests" time="5.606" tests="1" errors="0" skipped="0" failures="0">
  <properties>
[...]
</properties>
  <testcase name="contextLoads" classname="com.myhealthprices.ApplicationTests" time="1.084">
    <system-out><![CDATA[18:02:45.436 [main] INFO org.springframework.test.context.support.AnnotationConfigContextLoaderUtils -- Could not detect default configuration classes for test class [com.myhealthprices.ApplicationTests]: ApplicationTests does not declare any static, non-private, non-final, nested classes annotated with @Configuration.
18:02:45.606 [main] INFO org.springframework.boot.test.context.SpringBootTestContextBootstrapper -- Found @SpringBootConfiguration com.myhealthprices.Application for test class com.myhealthprices.ApplicationTests

  .   ____          _            __ _ _
 /\\ / ___'_ __ _ _(_)_ __  __ _ \ \ \ \
( ( )\___ | '_ | '_| | '_ \/ _` | \ \ \ \
 \\/  ___)| |_)| | | | | || (_| |  ) ) ) )
  '  |____| .__|_| |_|_| |_\__, | / / / /
 =========|_|==============|___/=/_/_/_/

 :: Spring Boot ::                (v3.3.4)

2025-12-27T18:02:46.152-05:00  INFO 58422 --- [           main] com.myhealthprices.ApplicationTests      : Starting ApplicationTests using Java 21.0.3 with PID 58422 (started by samalexander in /Users/samalexander/myhealthprices-1)
2025-12-27T18:02:46.154-05:00  INFO 58422 --- [           main] com.myhealthprices.ApplicationTests      : No active profile set, falling back to 1 default profile: "default"
2025-12-27T18:02:46.861-05:00  INFO 58422 --- [           main] .s.d.r.c.RepositoryConfigurationDelegate : Bootstrapping Spring Data Reactive MongoDB repositories in DEFAULT mode.
2025-12-27T18:02:46.957-05:00  INFO 58422 --- [           main] .s.d.r.c.RepositoryConfigurationDelegate : Finished Spring Data repository scanning in 93 ms. Found 4 Reactive MongoDB repository interfaces.
2025-12-27T18:02:47.450-05:00  WARN 58422 --- [           main] trationDelegate$BeanPostProcessorChecker : Bean 'de.flapdoodle.embed.mongo.spring.autoconfigure.EmbeddedMongoAutoConfiguration' of type [de.flapdoodle.embed.mongo.spring.autoconfigure.EmbeddedMongoAutoConfiguration] is not eligible for getting processed by all BeanPostProcessors (for example: not eligible for auto-proxying). The currently created BeanPostProcessor [fixTransactionAndAuth] is declared through a non-static factory method on that class; consider declaring it as static instead.
2025-12-27T18:02:47.502-05:00  WARN 58422 --- [           main] trationDelegate$BeanPostProcessorChecker : Bean 'de.flapdoodle.mongodb.embedded-de.flapdoodle.embed.mongo.spring.autoconfigure.EmbeddedMongoProperties' of type [de.flapdoodle.embed.mongo.spring.autoconfigure.EmbeddedMongoProperties] is not eligible for getting processed by all BeanPostProcessors (for example: not eligible for auto-proxying). Is this bean getting eagerly injected into a currently created BeanPostProcessor [fixTransactionAndAuth]? Check the corresponding BeanPostProcessor declaration and its dependencies.
2025-12-27T18:02:47.543-05:00  WARN 58422 --- [           main] trationDelegate$BeanPostProcessorChecker : Bean 'net' of type [de.flapdoodle.embed.mongo.config.ImmutableNet] is not eligible for getting processed by all BeanPostProcessors (for example: not eligible for auto-proxying). Is this bean getting eagerly injected into a currently created BeanPostProcessor [fixTransactionAndAuth]? Check the corresponding BeanPostProcessor declaration and its dependencies.
2025-12-27T18:02:47.554-05:00  WARN 58422 --- [           main] trationDelegate$BeanPostProcessorChecker : Bean 'spring.data.mongodb-org.springframework.boot.autoconfigure.mongo.MongoProperties' of type [org.springframework.boot.autoconfigure.mongo.MongoProperties] is not eligible for getting processed by all BeanPostProcessors (for example: not eligible for auto-proxying). Is this bean getting eagerly injected into a currently created BeanPostProcessor [fixTransactionAndAuth]? Check the corresponding BeanPostProcessor declaration and its dependencies.
2025-12-27T18:02:47.686-05:00  INFO 58422 --- [           main] d.f.e.m.s.a.ReactiveClientServerFactory  : reactive server factory
2025-12-27T18:02:48.309-05:00  INFO 58422 --- [       Thread-2] d.f.e.m.s.autoconfigure.EmbeddedMongo    : {"t":{"$date":"2025-12-27T18:02:48.306-05:00"},"s":"I",  "c":"NETWORK",  "id":4915701, "ctx":"thread1","msg":"Initialized wire specification","attr":{"spec":{"incomingExternalClient":{"minWireVersion":0,"maxWireVersion":21},"incomingInternalClient":{"minWireVersion":0,"maxWireVersion":21},"outgoing":{"minWireVersion":6,"maxWireVersion":21},"isInternalClient":true}}}
2025-12-27T18:02:48.331-05:00  INFO 58422 --- [       Thread-2] d.f.e.m.s.autoconfigure.EmbeddedMongo    : {"t":{"$date":"2025-12-27T18:02:48.330-05:00"},"s":"I",  "c":"CONTROL",  "id":23285,   "ctx":"thread1","msg":"Automatically disabling TLS 1.0, to force-enable TLS 1.0 specify --sslDisabledProtocols 'none'"}
2025-12-27T18:02:48.332-05:00  INFO 58422 --- [       Thread-2] d.f.e.m.s.autoconfigure.EmbeddedMongo    : {"t":{"$date":"2025-12-27T18:02:48.332-05:00"},"s":"I",  "c":"NETWORK",  "id":4648602, "ctx":"thread1","msg":"Implicit TCP FastOpen in use."}
2025-12-27T18:02:48.341-05:00  INFO 58422 --- [       Thread-2] d.f.e.m.s.autoconfigure.EmbeddedMongo    : {"t":{"$date":"2025-12-27T18:02:48.340-05:00"},"s":"I",  "c":"REPL",     "id":5123008, "ctx":"thread1","msg":"Successfully registered PrimaryOnlyService","attr":{"service":"TenantMigrationDonorService","namespace":"config.tenantMigrationDonors"}}
2025-12-27T18:02:48.342-05:00  INFO 58422 --- [       Thread-2] d.f.e.m.s.autoconfigure.EmbeddedMongo    : {"t":{"$date":"2025-12-27T18:02:48.340-05:00"},"s":"I",  "c":"REPL",     "id":5123008, "ctx":"thread1","msg":"Successfully registered PrimaryOnlyService","attr":{"service":"TenantMigrationRecipientService","namespace":"config.tenantMigrationRecipients"}}
2025-12-27T18:02:48.342-05:00  INFO 58422 --- [       Thread-2] d.f.e.m.s.autoconfigure.EmbeddedMongo    : {"t":{"$date":"2025-12-27T18:02:48.341-05:00"},"s":"I",  "c":"CONTROL",  "id":5945603, "ctx":"thread1","msg":"Multi threading initialized"}
2025-12-27T18:02:48.342-05:00  INFO 58422 --- [       Thread-2] d.f.e.m.s.autoconfigure.EmbeddedMongo    : {"t":{"$date":"2025-12-27T18:02:48.341-05:00"},"s":"I",  "c":"TENANT_M", "id":7091600, "ctx":"thread1","msg":"Starting TenantMigrationAccessBlockerRegistry"}
2025-12-27T18:02:48.343-05:00  INFO 58422 --- [       Thread-2] d.f.e.m.s.autoconfigure.EmbeddedMongo    : {"t":{"$date":"2025-12-27T18:02:48.341-05:00"},"s":"I",  "c":"CONTROL",  "id":4615611, "ctx":"initandlisten","msg":"MongoDB starting","attr":{"pid":58435,"port":53706,"dbPath":"/var/folders/4j/7xltm5c51qjgnv45xm1st8zh0000gn/T/temp--0bf42cb4-0a5b-4dbd-ada5-edaf1fc39da6/mongod-database16901902364151345701","architecture":"64-bit","host":"MacBook-Air-2.local"}}
2025-12-27T18:02:48.343-05:00  INFO 58422 --- [       Thread-2] d.f.e.m.s.autoconfigure.EmbeddedMongo    : {"t":{"$date":"2025-12-27T18:02:48.341-05:00"},"s":"I",  "c":"CONTROL",  "id":23403,   "ctx":"initandlisten","msg":"Build Info","attr":{"buildInfo":{"version":"7.0.0","gitVersion":"37d84072b5c5b9fd723db5fa133fb202ad2317f1","modules":[],"allocator":"system","environment":{"distarch":"x86_64","target_arch":"x86_64"}}}}
2025-12-27T18:02:48.344-05:00  INFO 58422 --- [       Thread-2] d.f.e.m.s.autoconfigure.EmbeddedMongo    : {"t":{"$date":"2025-12-27T18:02:48.342-05:00"},"s":"I",  "c":"CONTROL",  "id":51765,   "ctx":"initandlisten","msg":"Operating System","attr":{"os":{"name":"Mac OS X","version":"24.6.0"}}}
2025-12-27T18:02:48.344-05:00  INFO 58422 --- [       Thread-2] d.f.e.m.s.autoconfigure.EmbeddedMongo    : {"t":{"$date":"2025-12-27T18:02:48.342-05:00"},"s":"I",  "c":"CONTROL",  "id":21951,   "ctx":"initandlisten","msg":"Options set by command line","attr":{"options":{"net":{"bindIp":"127.0.0.1","port":53706},"security":{"authorization":"disabled"},"storage":{"dbPath":"/var/folders/4j/7xltm5c51qjgnv45xm1st8zh0000gn/T/temp--0bf42cb4-0a5b-4dbd-ada5-edaf1fc39da6/mongod-database16901902364151345701","syncPeriodSecs":0}}}}
2025-12-27T18:02:48.345-05:00  INFO 58422 --- [       Thread-2] d.f.e.m.s.autoconfigure.EmbeddedMongo    : {"t":{"$date":"2025-12-27T18:02:48.345-05:00"},"s":"I",  "c":"NETWORK",  "id":5693100, "ctx":"initandlisten","msg":"Asio socket.set_option failed with std::system_error","attr":{"note":"acceptor TCP fast open","option":{"level":6,"name":261,"data":"00 04 00 00"},"error":{"what":"set_option: Invalid argument","message":"Invalid argument","category":"asio.system","value":22}}}
2025-12-27T18:02:48.349-05:00  INFO 58422 --- [       Thread-2] d.f.e.m.s.autoconfigure.EmbeddedMongo    : {"t":{"$date":"2025-12-27T18:02:48.349-05:00"},"s":"I",  "c":"STORAGE",  "id":22315,   "ctx":"initandlisten","msg":"Opening WiredTiger","attr":{"config":"create,cache_size=11776M,session_max=33000,eviction=(threads_min=4,threads_max=4),config_base=false,statistics=(fast),log=(enabled=true,remove=true,path=journal,compressor=snappy),builtin_extension_config=(zstd=(compression_level=6)),file_manager=(close_idle_time=600,close_scan_interval=10,close_handle_minimum=2000),statistics_log=(wait=0),json_output=(error,message),verbose=[recovery_progress:1,checkpoint_progress:1,compact_progress:1,backup:0,checkpoint:0,compact:0,evict:0,history_store:0,recovery:0,rts:0,salvage:0,tiered:0,timestamp:0,transaction:0,verify:0,log:0],"}}
2025-12-27T18:02:48.501-05:00  INFO 58422 --- [       Thread-2] d.f.e.m.s.autoconfigure.EmbeddedMongo    : {"t":{"$date":"2025-12-27T18:02:48.500-05:00"},"s":"I",  "c":"STORAGE",  "id":4795906, "ctx":"initandlisten","msg":"WiredTiger opened","attr":{"durationMillis":151}}
2025-12-27T18:02:48.502-05:00  INFO 58422 --- [       Thread-2] d.f.e.m.s.autoconfigure.EmbeddedMongo    : {"t":{"$date":"2025-12-27T18:02:48.501-05:00"},"s":"I",  "c":"RECOVERY", "id":23987,   "ctx":"initandlisten","msg":"WiredTiger recoveryTimestamp","attr":{"recoveryTimestamp":{"$timestamp":{"t":0,"i":0}}}}
2025-12-27T18:02:48.533-05:00  INFO 58422 --- [       Thread-2] d.f.e.m.s.autoconfigure.EmbeddedMongo    : {"t":{"$date":"2025-12-27T18:02:48.533-05:00"},"s":"W",  "c":"CONTROL",  "id":22184,   "ctx":"initandlisten","msg":"Soft rlimits for open file descriptors too low","attr":{"currentValue":10240,"recommendedMinimum":64000},"tags":["startupWarnings"]}
2025-12-27T18:02:48.535-05:00  INFO 58422 --- [       Thread-2] d.f.e.m.s.autoconfigure.EmbeddedMongo    : {"t":{"$date":"2025-12-27T18:02:48.534-05:00"},"s":"I",  "c":"STORAGE",  "id":20320,   "ctx":"initandlisten","msg":"createCollection","attr":{"namespace":"admin.system.version","uuidDisposition":"provided","uuid":{"uuid":{"$uuid":"814260ce-05f9-496f-a284-ca3b07021fbe"}},"options":{"uuid":{"$uuid":"814260ce-05f9-496f-a284-ca3b07021fbe"}}}}
2025-12-27T18:02:48.556-05:00  INFO 58422 --- [       Thread-2] d.f.e.m.s.autoconfigure.EmbeddedMongo    : {"t":{"$date":"2025-12-27T18:02:48.556-05:00"},"s":"I",  "c":"INDEX",    "id":20345,   "ctx":"initandlisten","msg":"Index build: done building","attr":{"buildUUID":null,"collectionUUID":{"uuid":{"$uuid":"814260ce-05f9-496f-a284-ca3b07021fbe"}},"namespace":"admin.system.version","index":"_id_","ident":"index-1--8906477409358272768","collectionIdent":"collection-0--8906477409358272768","commitTimestamp":null}}
2025-12-27T18:02:48.558-05:00  INFO 58422 --- [       Thread-2] d.f.e.m.s.autoconfigure.EmbeddedMongo    : {"t":{"$date":"2025-12-27T18:02:48.558-05:00"},"s":"I",  "c":"REPL",     "id":20459,   "ctx":"initandlisten","msg":"Setting featureCompatibilityVersion","attr":{"newVersion":"7.0"}}
2025-12-27T18:02:48.559-05:00  INFO 58422 --- [       Thread-2] d.f.e.m.s.autoconfigure.EmbeddedMongo    : {"t":{"$date":"2025-12-27T18:02:48.558-05:00"},"s":"I",  "c":"REPL",     "id":5853300, "ctx":"initandlisten","msg":"current featureCompatibilityVersion value","attr":{"featureCompatibilityVersion":"7.0","context":"setFCV"}}
2025-12-27T18:02:48.559-05:00  INFO 58422 --- [       Thread-2] d.f.e.m.s.autoconfigure.EmbeddedMongo    : {"t":{"$date":"2025-12-27T18:02:48.558-05:00"},"s":"I",  "c":"NETWORK",  "id":4915702, "ctx":"initandlisten","msg":"Updated wire specification","attr":{"oldSpec":{"incomingExternalClient":{"minWireVersion":0,"maxWireVersion":21},"incomingInternalClient":{"minWireVersion":0,"maxWireVersion":21},"outgoing":{"minWireVersion":6,"maxWireVersion":21},"isInternalClient":true},"newSpec":{"incomingExternalClient":{"minWireVersion":0,"maxWireVersion":21},"incomingInternalClient":{"minWireVersion":21,"maxWireVersion":21},"outgoing":{"minWireVersion":21,"maxWireVersion":21},"isInternalClient":true}}}
2025-12-27T18:02:48.560-05:00  INFO 58422 --- [       Thread-2] d.f.e.m.s.autoconfigure.EmbeddedMongo    : {"t":{"$date":"2025-12-27T18:02:48.560-05:00"},"s":"I",  "c":"NETWORK",  "id":4915702, "ctx":"initandlisten","msg":"Updated wire specification","attr":{"oldSpec":{"incomingExternalClient":{"minWireVersion":0,"maxWireVersion":21},"incomingInternalClient":{"minWireVersion":21,"maxWireVersion":21},"outgoing":{"minWireVersion":21,"maxWireVersion":21},"isInternalClient":true},"newSpec":{"incomingExternalClient":{"minWireVersion":0,"maxWireVersion":21},"incomingInternalClient":{"minWireVersion":21,"maxWireVersion":21},"outgoing":{"minWireVersion":21,"maxWireVersion":21},"isInternalClient":true}}}
2025-12-27T18:02:48.560-05:00  INFO 58422 --- [       Thread-2] d.f.e.m.s.autoconfigure.EmbeddedMongo    : {"t":{"$date":"2025-12-27T18:02:48.560-05:00"},"s":"I",  "c":"REPL",     "id":5853300, "ctx":"initandlisten","msg":"current featureCompatibilityVersion value","attr":{"featureCompatibilityVersion":"7.0","context":"startup"}}
2025-12-27T18:02:48.561-05:00  INFO 58422 --- [       Thread-2] d.f.e.m.s.autoconfigure.EmbeddedMongo    : {"t":{"$date":"2025-12-27T18:02:48.560-05:00"},"s":"I",  "c":"STORAGE",  "id":5071100, "ctx":"initandlisten","msg":"Clearing temp directory"}
2025-12-27T18:02:48.562-05:00  INFO 58422 --- [       Thread-2] d.f.e.m.s.autoconfigure.EmbeddedMongo    : {"t":{"$date":"2025-12-27T18:02:48.561-05:00"},"s":"I",  "c":"CONTROL",  "id":6608200, "ctx":"initandlisten","msg":"Initializing cluster server parameters from disk"}
2025-12-27T18:02:48.563-05:00  INFO 58422 --- [       Thread-2] d.f.e.m.s.autoconfigure.EmbeddedMongo    : {"t":{"$date":"2025-12-27T18:02:48.561-05:00"},"s":"I",  "c":"CONTROL",  "id":20536,   "ctx":"initandlisten","msg":"Flow Control is enabled on this deployment"}
2025-12-27T18:02:48.563-05:00  INFO 58422 --- [       Thread-2] d.f.e.m.s.autoconfigure.EmbeddedMongo    : {"t":{"$date":"2025-12-27T18:02:48.561-05:00"},"s":"I",  "c":"FTDC",     "id":20625,   "ctx":"initandlisten","msg":"Initializing full-time diagnostic data capture","attr":{"dataDirectory":"/var/folders/4j/7xltm5c51qjgnv45xm1st8zh0000gn/T/temp--0bf42cb4-0a5b-4dbd-ada5-edaf1fc39da6/mongod-database16901902364151345701/diagnostic.data"}}
2025-12-27T18:02:48.570-05:00  INFO 58422 --- [       Thread-2] d.f.e.m.s.autoconfigure.EmbeddedMongo    : {"t":{"$date":"2025-12-27T18:02:48.570-05:00"},"s":"I",  "c":"STORAGE",  "id":20320,   "ctx":"initandlisten","msg":"createCollection","attr":{"namespace":"local.startup_log","uuidDisposition":"generated","uuid":{"uuid":{"$uuid":"3e7b9300-f582-4f16-9685-5d6c2c2d5dd4"}},"options":{"capped":true,"size":10485760}}}
2025-12-27T18:02:48.587-05:00  INFO 58422 --- [       Thread-2] d.f.e.m.s.autoconfigure.EmbeddedMongo    : {"t":{"$date":"2025-12-27T18:02:48.586-05:00"},"s":"I",  "c":"INDEX",    "id":20345,   "ctx":"initandlisten","msg":"Index build: done building","attr":{"buildUUID":null,"collectionUUID":{"uuid":{"$uuid":"3e7b9300-f582-4f16-9685-5d6c2c2d5dd4"}},"namespace":"local.startup_log","index":"_id_","ident":"index-3--8906477409358272768","collectionIdent":"collection-2--8906477409358272768","commitTimestamp":null}}
2025-12-27T18:02:48.587-05:00  INFO 58422 --- [       Thread-2] d.f.e.m.s.autoconfigure.EmbeddedMongo    : {"t":{"$date":"2025-12-27T18:02:48.587-05:00"},"s":"I",  "c":"REPL",     "id":6015317, "ctx":"initandlisten","msg":"Setting new configuration state","attr":{"newState":"ConfigReplicationDisabled","oldState":"ConfigPreStart"}}
2025-12-27T18:02:48.587-05:00  INFO 58422 --- [       Thread-2] d.f.e.m.s.autoconfigure.EmbeddedMongo    : {"t":{"$date":"2025-12-27T18:02:48.587-05:00"},"s":"I",  "c":"STORAGE",  "id":22262,   "ctx":"initandlisten","msg":"Timestamp monitor starting"}
2025-12-27T18:02:48.588-05:00  INFO 58422 --- [       Thread-2] d.f.e.m.s.autoconfigure.EmbeddedMongo    : {"t":{"$date":"2025-12-27T18:02:48.588-05:00"},"s":"I",  "c":"NETWORK",  "id":23015,   "ctx":"listener","msg":"Listening on","attr":{"address":"/tmp/mongodb-53706.sock"}}
2025-12-27T18:02:48.589-05:00  INFO 58422 --- [       Thread-2] d.f.e.m.s.autoconfigure.EmbeddedMongo    : {"t":{"$date":"2025-12-27T18:02:48.588-05:00"},"s":"I",  "c":"NETWORK",  "id":23015,   "ctx":"listener","msg":"Listening on","attr":{"address":"127.0.0.1"}}
2025-12-27T18:02:48.589-05:00  INFO 58422 --- [       Thread-2] d.f.e.m.s.autoconfigure.EmbeddedMongo    : {"t":{"$date":"2025-12-27T18:02:48.588-05:00"},"s":"I",  "c":"NETWORK",  "id":23016,   "ctx":"listener","msg":"Waiting for connections","attr":{"port":53706,"ssl":"off"}}
2025-12-27T18:02:48.601-05:00  INFO 58422 --- [       Thread-2] d.f.e.m.s.autoconfigure.EmbeddedMongo    : {"t":{"$date":"2025-12-27T18:02:48.601-05:00"},"s":"I",  "c":"CONTROL",  "id":20712,   "ctx":"LogicalSessionCacheReap","msg":"Sessions collection is not set up; waiting until next sessions reap interval","attr":{"error":"NamespaceNotFound: config.system.sessions does not exist"}}
2025-12-27T18:02:48.602-05:00  INFO 58422 --- [       Thread-2] d.f.e.m.s.autoconfigure.EmbeddedMongo    : {"t":{"$date":"2025-12-27T18:02:48.602-05:00"},"s":"I",  "c":"STORAGE",  "id":20320,   "ctx":"LogicalSessionCacheRefresh","msg":"createCollection","attr":{"namespace":"config.system.sessions","uuidDisposition":"generated","uuid":{"uuid":{"$uuid":"4640ddec-5b4a-4596-b02f-1ef40df7bf15"}},"options":{}}}
2025-12-27T18:02:48.620-05:00  INFO 58422 --- [       Thread-2] d.f.e.m.s.autoconfigure.EmbeddedMongo    : {"t":{"$date":"2025-12-27T18:02:48.619-05:00"},"s":"I",  "c":"REPL",     "id":7360102, "ctx":"LogicalSessionCacheRefresh","msg":"Added oplog entry for create to transaction","attr":{"namespace":"config.$cmd","uuid":{"uuid":{"$uuid":"4640ddec-5b4a-4596-b02f-1ef40df7bf15"}},"object":{"create":"system.sessions","idIndex":{"v":2,"key":{"_id":1},"name":"_id_"}}}}
2025-12-27T18:02:48.620-05:00  INFO 58422 --- [       Thread-2] d.f.e.m.s.autoconfigure.EmbeddedMongo    : {"t":{"$date":"2025-12-27T18:02:48.620-05:00"},"s":"I",  "c":"REPL",     "id":7360100, "ctx":"LogicalSessionCacheRefresh","msg":"Added oplog entry for createIndexes to transaction","attr":{"namespace":"config.$cmd","uuid":{"uuid":{"$uuid":"4640ddec-5b4a-4596-b02f-1ef40df7bf15"}},"object":{"createIndexes":"system.sessions","v":2,"key":{"lastUse":1},"name":"lsidTTLIndex","expireAfterSeconds":1800}}}
2025-12-27T18:02:48.628-05:00  INFO 58422 --- [       Thread-2] d.f.e.m.s.autoconfigure.EmbeddedMongo    : {"t":{"$date":"2025-12-27T18:02:48.627-05:00"},"s":"I",  "c":"INDEX",    "id":20345,   "ctx":"LogicalSessionCacheRefresh","msg":"Index build: done building","attr":{"buildUUID":null,"collectionUUID":{"uuid":{"$uuid":"4640ddec-5b4a-4596-b02f-1ef40df7bf15"}},"namespace":"config.system.sessions","index":"_id_","ident":"index-5--8906477409358272768","collectionIdent":"collection-4--8906477409358272768","commitTimestamp":null}}
2025-12-27T18:02:48.628-05:00  INFO 58422 --- [       Thread-2] d.f.e.m.s.autoconfigure.EmbeddedMongo    : {"t":{"$date":"2025-12-27T18:02:48.627-05:00"},"s":"I",  "c":"INDEX",    "id":20345,   "ctx":"LogicalSessionCacheRefresh","msg":"Index build: done building","attr":{"buildUUID":null,"collectionUUID":{"uuid":{"$uuid":"4640ddec-5b4a-4596-b02f-1ef40df7bf15"}},"namespace":"config.system.sessions","index":"lsidTTLIndex","ident":"index-6--8906477409358272768","collectionIdent":"collection-4--8906477409358272768","commitTimestamp":null}}
2025-12-27T18:02:48.777-05:00  INFO 58422 --- [           main] org.mongodb.driver.client                : MongoClient with metadata {"driver": {"name": "mongo-java-driver|reactive-streams|spring-boot", "version": "5.0.1"}, "os": {"type": "Darwin", "name": "Mac OS X", "architecture": "x86_64", "version": "15.6"}, "platform": "Java/Eclipse Adoptium/21.0.3+9-LTS"} created with settings MongoClientSettings{readPreference=primary, writeConcern=WriteConcern{w=null, wTimeout=null ms, journal=null}, retryWrites=true, retryReads=true, readConcern=ReadConcern{level=null}, credential=null, transportSettings=NettyTransportSettings{eventLoopGroup=io.netty.channel.nio.NioEventLoopGroup@2ec85a25, socketChannelClass=null, allocator=null, sslContext=null}, commandListeners=[], codecRegistry=ProvidersCodecRegistry{codecProviders=[ValueCodecProvider{}, BsonValueCodecProvider{}, DBRefCodecProvider{}, DBObjectCodecProvider{}, DocumentCodecProvider{}, CollectionCodecProvider{}, IterableCodecProvider{}, MapCodecProvider{}, GeoJsonCodecProvider{}, GridFSFileCodecProvider{}, Jsr310CodecProvider{}, JsonObjectCodecProvider{}, BsonCodecProvider{}, EnumCodecProvider{}, com.mongodb.client.model.mql.ExpressionCodecProvider@4c176ff1, com.mongodb.Jep395RecordCodecProvider@27c53c32, com.mongodb.KotlinCodecProvider@68aec50]}, loggerSettings=LoggerSettings{maxDocumentLength=1000}, clusterSettings={hosts=[localhost:53706], srvServiceName=mongodb, mode=SINGLE, requiredClusterType=UNKNOWN, requiredReplicaSetName='null', serverSelector='null', clusterListeners='[]', serverSelectionTimeout='30000 ms', localThreshold='15 ms'}, socketSettings=SocketSettings{connectTimeoutMS=10000, readTimeoutMS=0, receiveBufferSize=0, proxySettings=ProxySettings{host=null, port=null, username=null, password=null}}, heartbeatSocketSettings=SocketSettings{connectTimeoutMS=10000, readTimeoutMS=10000, receiveBufferSize=0, proxySettings=ProxySettings{host=null, port=null, username=null, password=null}}, connectionPoolSettings=ConnectionPoolSettings{maxSize=100, minSize=0, maxWaitTimeMS=120000, maxConnectionLifeTimeMS=0, maxConnectionIdleTimeMS=0, maintenanceInitialDelayMS=0, maintenanceFrequencyMS=60000, connectionPoolListeners=[], maxConnecting=2}, serverSettings=ServerSettings{heartbeatFrequencyMS=10000, minHeartbeatFrequencyMS=500, serverListeners='[]', serverMonitorListeners='[]'}, sslSettings=SslSettings{enabled=false, invalidHostNameAllowed=false, context=null}, applicationName='null', compressorList=[], uuidRepresentation=JAVA_LEGACY, serverApi=null, autoEncryptionSettings=null, dnsClient=null, inetAddressResolver=null, contextProvider=null}
2025-12-27T18:02:48.820-05:00  INFO 58422 --- [       Thread-2] d.f.e.m.s.autoconfigure.EmbeddedMongo    : {"t":{"$date":"2025-12-27T18:02:48.819-05:00"},"s":"I",  "c":"NETWORK",  "id":22943,   "ctx":"listener","msg":"Connection accepted","attr":{"remote":"127.0.0.1:53708","uuid":{"uuid":{"$uuid":"00e6e26c-3b28-4ac9-8716-66348e3ee88f"}},"connectionId":1,"connectionCount":1}}
2025-12-27T18:02:48.821-05:00  INFO 58422 --- [       Thread-2] d.f.e.m.s.autoconfigure.EmbeddedMongo    : {"t":{"$date":"2025-12-27T18:02:48.819-05:00"},"s":"I",  "c":"NETWORK",  "id":22943,   "ctx":"listener","msg":"Connection accepted","attr":{"remote":"127.0.0.1:53709","uuid":{"uuid":{"$uuid":"df958a0c-0deb-4870-8176-174bc9a69be9"}},"connectionId":2,"connectionCount":2}}
2025-12-27T18:02:48.861-05:00  INFO 58422 --- [       Thread-2] d.f.e.m.s.autoconfigure.EmbeddedMongo    : {"t":{"$date":"2025-12-27T18:02:48.860-05:00"},"s":"I",  "c":"NETWORK",  "id":51800,   "ctx":"conn2","msg":"client metadata","attr":{"remote":"127.0.0.1:53709","client":"conn2","doc":{"driver":{"name":"mongo-java-driver|reactive-streams|spring-boot","version":"5.0.1"},"os":{"type":"Darwin","name":"Mac OS X","architecture":"x86_64","version":"15.6"},"platform":"Java/Eclipse Adoptium/21.0.3+9-LTS"}}}
2025-12-27T18:02:48.863-05:00  INFO 58422 --- [       Thread-2] d.f.e.m.s.autoconfigure.EmbeddedMongo    : {"t":{"$date":"2025-12-27T18:02:48.860-05:00"},"s":"I",  "c":"NETWORK",  "id":51800,   "ctx":"conn1","msg":"client metadata","attr":{"remote":"127.0.0.1:53708","client":"conn1","doc":{"driver":{"name":"mongo-java-driver|reactive-streams|spring-boot","version":"5.0.1"},"os":{"type":"Darwin","name":"Mac OS X","architecture":"x86_64","version":"15.6"},"platform":"Java/Eclipse Adoptium/21.0.3+9-LTS"}}}
2025-12-27T18:02:48.896-05:00  INFO 58422 --- [localhost:53706] org.mongodb.driver.cluster               : Monitor thread successfully connected to server with description ServerDescription{address=localhost:53706, type=STANDALONE, state=CONNECTED, ok=true, minWireVersion=0, maxWireVersion=21, maxDocumentSize=16777216, logicalSessionTimeoutMinutes=30, roundTripTimeNanos=71395750}
2025-12-27T18:02:49.715-05:00  INFO 58422 --- [           main] com.myhealthprices.ApplicationTests      : Started ApplicationTests in 3.993 seconds (process running for 5.246)
]]></system-out>
    <system-err><![CDATA[WARNING: A Java agent has been loaded dynamically (/Users/samalexander/.m2/repository/net/bytebuddy/byte-buddy-agent/1.14.19/byte-buddy-agent-1.14.19.jar)
WARNING: If a serviceability tool is in use, please run with -XX:+EnableDynamicAgentLoading to hide this warning
WARNING: If a serviceability tool is not in use, please run with -Djdk.instrument.traceUsage for more information
WARNING: Dynamic loading of agents will be disallowed by default in a future release
]]></system-err>
  </testcase>
</testsuite>